<?xml version="1.0" encoding="UTF-8"?>
<testng-results skipped="0" failed="1" total="5" passed="4">
  <reporter-output>
  </reporter-output>
  <suite name="Parallel" duration-ms="261361" started-at="2018-02-21T18:31:52Z" finished-at="2018-02-21T18:36:13Z">
    <groups>
    </groups>
    <test name="AndroidTest" duration-ms="261361" started-at="2018-02-21T18:31:52Z" finished-at="2018-02-21T18:36:13Z">
      <class name="searchPageTests.TC001_Valid_Search">
        <test-method status="PASS" signature="localTestBase()[pri:0, instance:searchPageTests.TC001_Valid_Search@61dc03ce]" name="localTestBase" is-config="true" duration-ms="26792" started-at="2018-02-21T19:31:52Z" finished-at="2018-02-21T19:32:18Z">
          <reporter-output>
          </reporter-output>
        </test-method> <!-- localTestBase -->
        <test-method status="PASS" signature="validSearch()[pri:0, instance:searchPageTests.TC001_Valid_Search@61dc03ce]" name="validSearch" duration-ms="16044" started-at="2018-02-21T19:32:18Z" finished-at="2018-02-21T19:32:34Z">
          <reporter-output>
          </reporter-output>
        </test-method> <!-- validSearch -->
        <test-method status="PASS" signature="tearDown(org.testng.ITestResult)[pri:0, instance:searchPageTests.TC001_Valid_Search@61dc03ce]" name="tearDown" is-config="true" duration-ms="5344" started-at="2018-02-21T19:32:34Z" finished-at="2018-02-21T19:32:40Z">
          <params>
            <param index="0">
              <value>
                <![CDATA[[TestResult name=validSearch status=SUCCESS method=TC001_Valid_Search.validSearch()[pri:0, instance:searchPageTests.TC001_Valid_Search@61dc03ce] output={null}]]]>
              </value>
            </param>
          </params>
          <reporter-output>
          </reporter-output>
        </test-method> <!-- tearDown -->
      </class> <!-- searchPageTests.TC001_Valid_Search -->
      <class name="searchPageTests.TC004_Search_Player">
        <test-method status="PASS" signature="localTestBase()[pri:0, instance:searchPageTests.TC004_Search_Player@13c78c0b]" name="localTestBase" is-config="true" duration-ms="24610" started-at="2018-02-21T19:34:36Z" finished-at="2018-02-21T19:35:01Z">
          <reporter-output>
          </reporter-output>
        </test-method> <!-- localTestBase -->
        <test-method status="PASS" signature="searchPlayer()[pri:0, instance:searchPageTests.TC004_Search_Player@13c78c0b]" name="searchPlayer" duration-ms="20649" started-at="2018-02-21T19:35:01Z" finished-at="2018-02-21T19:35:21Z">
          <reporter-output>
          </reporter-output>
        </test-method> <!-- searchPlayer -->
        <test-method status="PASS" signature="tearDown(org.testng.ITestResult)[pri:0, instance:searchPageTests.TC004_Search_Player@13c78c0b]" name="tearDown" is-config="true" duration-ms="5133" started-at="2018-02-21T19:35:21Z" finished-at="2018-02-21T19:35:27Z">
          <params>
            <param index="0">
              <value>
                <![CDATA[[TestResult name=searchPlayer status=SUCCESS method=TC004_Search_Player.searchPlayer()[pri:0, instance:searchPageTests.TC004_Search_Player@13c78c0b] output={null}]]]>
              </value>
            </param>
          </params>
          <reporter-output>
          </reporter-output>
        </test-method> <!-- tearDown -->
      </class> <!-- searchPageTests.TC004_Search_Player -->
      <class name="searchPageTests.TC002_invalid_Search">
        <test-method status="PASS" signature="localTestBase()[pri:0, instance:searchPageTests.TC002_invalid_Search@50f8360d]" name="localTestBase" is-config="true" duration-ms="20883" started-at="2018-02-21T19:32:40Z" finished-at="2018-02-21T19:33:01Z">
          <reporter-output>
          </reporter-output>
        </test-method> <!-- localTestBase -->
        <test-method status="PASS" signature="Invalid()[pri:0, instance:searchPageTests.TC002_invalid_Search@50f8360d]" name="Invalid" duration-ms="18977" started-at="2018-02-21T19:33:01Z" finished-at="2018-02-21T19:33:20Z">
          <reporter-output>
          </reporter-output>
        </test-method> <!-- Invalid -->
        <test-method status="PASS" signature="tearDown(org.testng.ITestResult)[pri:0, instance:searchPageTests.TC002_invalid_Search@50f8360d]" name="tearDown" is-config="true" duration-ms="5181" started-at="2018-02-21T19:33:20Z" finished-at="2018-02-21T19:33:25Z">
          <params>
            <param index="0">
              <value>
                <![CDATA[[TestResult name=Invalid status=SUCCESS method=TC002_invalid_Search.Invalid()[pri:0, instance:searchPageTests.TC002_invalid_Search@50f8360d] output={null}]]]>
              </value>
            </param>
          </params>
          <reporter-output>
          </reporter-output>
        </test-method> <!-- tearDown -->
      </class> <!-- searchPageTests.TC002_invalid_Search -->
      <class name="searchPageTests.TC005_Search_Competition">
        <test-method status="PASS" signature="localTestBase()[pri:0, instance:searchPageTests.TC005_Search_Competition@12843fce]" name="localTestBase" is-config="true" duration-ms="22812" started-at="2018-02-21T19:35:27Z" finished-at="2018-02-21T19:35:49Z">
          <reporter-output>
          </reporter-output>
        </test-method> <!-- localTestBase -->
        <test-method status="PASS" signature="Search_Competition()[pri:0, instance:searchPageTests.TC005_Search_Competition@12843fce]" name="Search_Competition" duration-ms="17982" started-at="2018-02-21T19:35:49Z" finished-at="2018-02-21T19:36:07Z">
          <reporter-output>
          </reporter-output>
        </test-method> <!-- Search_Competition -->
        <test-method status="PASS" signature="tearDown(org.testng.ITestResult)[pri:0, instance:searchPageTests.TC005_Search_Competition@12843fce]" name="tearDown" is-config="true" duration-ms="5585" started-at="2018-02-21T19:36:07Z" finished-at="2018-02-21T19:36:13Z">
          <params>
            <param index="0">
              <value>
                <![CDATA[[TestResult name=Search_Competition status=SUCCESS method=TC005_Search_Competition.Search_Competition()[pri:0, instance:searchPageTests.TC005_Search_Competition@12843fce] output={null}]]]>
              </value>
            </param>
          </params>
          <reporter-output>
          </reporter-output>
        </test-method> <!-- tearDown -->
      </class> <!-- searchPageTests.TC005_Search_Competition -->
      <class name="searchPageTests.TC003_Search_Team">
        <test-method status="PASS" signature="localTestBase()[pri:0, instance:searchPageTests.TC003_Search_Team@2cb4c3ab]" name="localTestBase" is-config="true" duration-ms="24990" started-at="2018-02-21T19:33:25Z" finished-at="2018-02-21T19:33:50Z">
          <reporter-output>
          </reporter-output>
        </test-method> <!-- localTestBase -->
        <test-method status="FAIL" signature="searchTeam()[pri:0, instance:searchPageTests.TC003_Search_Team@2cb4c3ab]" name="searchTeam" duration-ms="35201" started-at="2018-02-21T19:33:50Z" finished-at="2018-02-21T19:34:25Z">
          <exception class="org.openqa.selenium.NoSuchElementException">
            <message>
              <![CDATA[An element could not be located on the page using the given search parameters. (WARNING: The server did not provide any stacktrace information)
Command duration or timeout: 35.14 seconds
For documentation on this error, please visit: http://seleniumhq.org/exceptions/no_such_element.html
Build info: version: '3.4.0', revision: 'unknown', time: 'unknown'
System info: host: 'donalds-mbp', ip: '2003:8c:4f13:2f01:51d8:b1d:fc6b:a871', os.name: 'Mac OS X', os.arch: 'x86_64', os.version: '10.13.1', java.version: '1.8.0_144'
Driver info: io.appium.java_client.android.AndroidDriver
Capabilities [{appPackage=de.motain.iliga, app=/Users/donaldguevara/Desktop/app-qa-rc-test.apk, deviceScreenSize=1080x1920, networkConnectionEnabled=true, warnings={}, databaseEnabled=false, deviceName=33001a4fbfed53cd, platform=LINUX, deviceUDID=33001a4fbfed53cd, appActivity=de.motain.iliga.activity.FastLaunchSplashScreenActivity, desired={appPackage=de.motain.iliga, appActivity=de.motain.iliga.activity.FastLaunchSplashScreenActivity, app=/Users/donaldguevara/Desktop/app-qa-rc-test.apk, platformVersion=7.0, platformName=Android, device=Android, deviceName=Galaxy A5 (2016)}, platformVersion=7.0, webStorageEnabled=false, locationContextEnabled=false, takesScreenshot=true, javascriptEnabled=true, deviceModel=SM-A510F, platformName=Android, deviceManufacturer=samsung, device=Android}]
Session ID: 86747a7d-6b23-4b25-8170-36bc449167ae
*** Element info: {Using=id, value=de.motain.iliga:id/onboarding_no_favorite_team}]]>
            </message>
            <full-stacktrace>
              <![CDATA[org.openqa.selenium.NoSuchElementException: An element could not be located on the page using the given search parameters. (WARNING: The server did not provide any stacktrace information)
Command duration or timeout: 35.14 seconds
For documentation on this error, please visit: http://seleniumhq.org/exceptions/no_such_element.html
Build info: version: '3.4.0', revision: 'unknown', time: 'unknown'
System info: host: 'donalds-mbp', ip: '2003:8c:4f13:2f01:51d8:b1d:fc6b:a871', os.name: 'Mac OS X', os.arch: 'x86_64', os.version: '10.13.1', java.version: '1.8.0_144'
Driver info: io.appium.java_client.android.AndroidDriver
Capabilities [{appPackage=de.motain.iliga, app=/Users/donaldguevara/Desktop/app-qa-rc-test.apk, deviceScreenSize=1080x1920, networkConnectionEnabled=true, warnings={}, databaseEnabled=false, deviceName=33001a4fbfed53cd, platform=LINUX, deviceUDID=33001a4fbfed53cd, appActivity=de.motain.iliga.activity.FastLaunchSplashScreenActivity, desired={appPackage=de.motain.iliga, appActivity=de.motain.iliga.activity.FastLaunchSplashScreenActivity, app=/Users/donaldguevara/Desktop/app-qa-rc-test.apk, platformVersion=7.0, platformName=Android, device=Android, deviceName=Galaxy A5 (2016)}, platformVersion=7.0, webStorageEnabled=false, locationContextEnabled=false, takesScreenshot=true, javascriptEnabled=true, deviceModel=SM-A510F, platformName=Android, deviceManufacturer=samsung, device=Android}]
Session ID: 86747a7d-6b23-4b25-8170-36bc449167ae
*** Element info: {Using=id, value=de.motain.iliga:id/onboarding_no_favorite_team}
	at sun.reflect.NativeConstructorAccessorImpl.newInstance0(Native Method)
	at sun.reflect.NativeConstructorAccessorImpl.newInstance(NativeConstructorAccessorImpl.java:62)
	at sun.reflect.DelegatingConstructorAccessorImpl.newInstance(DelegatingConstructorAccessorImpl.java:45)
	at java.lang.reflect.Constructor.newInstance(Constructor.java:423)
	at org.openqa.selenium.remote.ErrorHandler.createThrowable(ErrorHandler.java:215)
	at org.openqa.selenium.remote.ErrorHandler.throwIfResponseFailed(ErrorHandler.java:167)
	at org.openqa.selenium.remote.RemoteWebDriver.execute(RemoteWebDriver.java:671)
	at io.appium.java_client.DefaultGenericMobileDriver.execute(DefaultGenericMobileDriver.java:40)
	at io.appium.java_client.AppiumDriver.execute(AppiumDriver.java:1)
	at io.appium.java_client.android.AndroidDriver.execute(AndroidDriver.java:1)
	at org.openqa.selenium.remote.RemoteWebDriver.findElement(RemoteWebDriver.java:410)
	at io.appium.java_client.DefaultGenericMobileDriver.findElement(DefaultGenericMobileDriver.java:56)
	at io.appium.java_client.AppiumDriver.findElement(AppiumDriver.java:1)
	at io.appium.java_client.android.AndroidDriver.findElement(AndroidDriver.java:1)
	at org.openqa.selenium.remote.RemoteWebDriver.findElementById(RemoteWebDriver.java:453)
	at io.appium.java_client.DefaultGenericMobileDriver.findElementById(DefaultGenericMobileDriver.java:64)
	at io.appium.java_client.AppiumDriver.findElementById(AppiumDriver.java:1)
	at io.appium.java_client.android.AndroidDriver.findElementById(AndroidDriver.java:1)
	at org.openqa.selenium.By$ById.findElement(By.java:218)
	at org.openqa.selenium.remote.RemoteWebDriver.findElement(RemoteWebDriver.java:402)
	at io.appium.java_client.DefaultGenericMobileDriver.findElement(DefaultGenericMobileDriver.java:52)
	at io.appium.java_client.AppiumDriver.findElement(AppiumDriver.java:1)
	at io.appium.java_client.android.AndroidDriver.findElement(AndroidDriver.java:1)
	at org.openqa.selenium.support.pagefactory.DefaultElementLocator.findElement(DefaultElementLocator.java:69)
	at org.openqa.selenium.support.pagefactory.internal.LocatingElementHandler.invoke(LocatingElementHandler.java:38)
	at com.sun.proxy.$Proxy5.click(Unknown Source)
	at Pages.searchPage.selectSuggestedTeam(searchPage.java:54)
	at searchPageTests.TC003_Search_Team.searchTeam(TC003_Search_Team.java:29)
	at sun.reflect.NativeMethodAccessorImpl.invoke0(Native Method)
	at sun.reflect.NativeMethodAccessorImpl.invoke(NativeMethodAccessorImpl.java:62)
	at sun.reflect.DelegatingMethodAccessorImpl.invoke(DelegatingMethodAccessorImpl.java:43)
	at java.lang.reflect.Method.invoke(Method.java:498)
	at org.testng.internal.MethodInvocationHelper.invokeMethod(MethodInvocationHelper.java:86)
	at org.testng.internal.Invoker.invokeMethod(Invoker.java:643)
	at org.testng.internal.Invoker.invokeTestMethod(Invoker.java:820)
	at org.testng.internal.Invoker.invokeTestMethods(Invoker.java:1128)
	at org.testng.internal.TestMethodWorker.invokeTestMethods(TestMethodWorker.java:129)
	at org.testng.internal.TestMethodWorker.run(TestMethodWorker.java:112)
	at org.testng.TestRunner.privateRun(TestRunner.java:782)
	at org.testng.TestRunner.run(TestRunner.java:632)
	at org.testng.SuiteRunner.runTest(SuiteRunner.java:366)
	at org.testng.SuiteRunner.access$000(SuiteRunner.java:39)
	at org.testng.SuiteRunner$SuiteWorker.run(SuiteRunner.java:400)
	at org.testng.internal.thread.ThreadUtil$2.call(ThreadUtil.java:64)
	at java.util.concurrent.FutureTask.run(FutureTask.java:266)
	at java.util.concurrent.ThreadPoolExecutor.runWorker(ThreadPoolExecutor.java:1149)
	at java.util.concurrent.ThreadPoolExecutor$Worker.run(ThreadPoolExecutor.java:624)
	at java.lang.Thread.run(Thread.java:748)
]]>
            </full-stacktrace>
          </exception> <!-- org.openqa.selenium.NoSuchElementException -->
          <reporter-output>
          </reporter-output>
        </test-method> <!-- searchTeam -->
        <test-method status="PASS" signature="tearDown(org.testng.ITestResult)[pri:0, instance:searchPageTests.TC003_Search_Team@2cb4c3ab]" name="tearDown" is-config="true" duration-ms="11152" started-at="2018-02-21T19:34:25Z" finished-at="2018-02-21T19:34:36Z">
          <params>
            <param index="0">
              <value>
                <![CDATA[[TestResult name=searchTeam status=FAILURE method=TC003_Search_Team.searchTeam()[pri:0, instance:searchPageTests.TC003_Search_Team@2cb4c3ab] output={null}]]]>
              </value>
            </param>
          </params>
          <reporter-output>
          </reporter-output>
        </test-method> <!-- tearDown -->
      </class> <!-- searchPageTests.TC003_Search_Team -->
    </test> <!-- AndroidTest -->
  </suite> <!-- Parallel -->
</testng-results>
